This is pdfTeXk, Version 3.141592-1.40.3 (Web2C 7.5.6) (format=pdflatex 2007.5.18)  31 JAN 2010 21:59
entering extended mode
\write18 enabled.
 %&-line parsing enabled.
**acl2010.tex
(./acl2010.tex
LaTeX2e <2005/12/01>
Babel <v3.8h> and hyphenation patterns for english, usenglishmax, dumylang, noh
yphenation, arabic, basque, bulgarian, coptic, welsh, czech, slovak, german, ng
erman, danish, esperanto, spanish, catalan, galician, estonian, farsi, finnish,
 french, greek, monogreek, ancientgreek, croatian, hungarian, interlingua, ibyc
us, indonesian, icelandic, italian, latin, mongolian, dutch, norsk, polish, por
tuguese, pinyin, romanian, russian, slovenian, uppersorbian, serbian, swedish, 
turkish, ukenglish, ukrainian, loaded.
(/usr/local/texlive/2007/texmf-dist/tex/latex/base/article.cls
Document Class: article 2005/09/16 v1.4f Standard LaTeX document class
(/usr/local/texlive/2007/texmf-dist/tex/latex/base/size11.clo
File: size11.clo 2005/09/16 v1.4f Standard LaTeX file (size option)
)
\c@part=\count79
\c@section=\count80
\c@subsection=\count81
\c@subsubsection=\count82
\c@paragraph=\count83
\c@subparagraph=\count84
\c@figure=\count85
\c@table=\count86
\abovecaptionskip=\skip41
\belowcaptionskip=\skip42
\bibindent=\dimen102
) (./acl2010.sty
Conference Style for ACL 2005 -- released Octobe 11, 2004
\titlebox=\skip43
) (/usr/local/texlive/2007/texmf-dist/tex/latex/psnfss/times.sty
Package: times 2005/04/12 PSNFSS-v9.2a (SPQR) 
)
(/usr/local/texlive/2007/texmf-dist/tex/latex/ltxmisc/url.sty
\Urlmuskip=\muskip10
Package: url 2005/06/27  ver 3.2  Verb mode for urls, etc.
)
(/usr/local/texlive/2007/texmf-dist/tex/latex/base/latexsym.sty
Package: latexsym 1998/08/17 v2.2e Standard LaTeX package (lasy symbols)
\symlasy=\mathgroup4
LaTeX Font Info:    Overwriting symbol font `lasy' in version `bold'
(Font)                  U/lasy/m/n --> U/lasy/b/n on input line 47.
)
No file acl2010.aux.
\openout1 = `acl2010.aux'.

LaTeX Font Info:    Checking defaults for OML/cmm/m/it on input line 34.
LaTeX Font Info:    ... okay on input line 34.
LaTeX Font Info:    Checking defaults for T1/cmr/m/n on input line 34.
LaTeX Font Info:    ... okay on input line 34.
LaTeX Font Info:    Checking defaults for OT1/cmr/m/n on input line 34.
LaTeX Font Info:    ... okay on input line 34.
LaTeX Font Info:    Checking defaults for OMS/cmsy/m/n on input line 34.
LaTeX Font Info:    ... okay on input line 34.
LaTeX Font Info:    Checking defaults for OMX/cmex/m/n on input line 34.
LaTeX Font Info:    ... okay on input line 34.
LaTeX Font Info:    Checking defaults for U/cmr/m/n on input line 34.
LaTeX Font Info:    ... okay on input line 34.
LaTeX Font Info:    Try loading font information for OT1+ptm on input line 34.
(/usr/local/texlive/2007/texmf-dist/tex/latex/psnfss/ot1ptm.fd
File: ot1ptm.fd 2001/06/04 font definitions for OT1/ptm.
)
LaTeX Font Info:    Font shape `OT1/ptm/bx/n' in size <14.4> not available
(Font)              Font shape `OT1/ptm/b/n' tried instead on input line 35.
LaTeX Font Info:    External font `cmex10' loaded for size
(Font)              <12> on input line 35.
LaTeX Font Info:    External font `cmex10' loaded for size
(Font)              <8> on input line 35.
LaTeX Font Info:    External font `cmex10' loaded for size
(Font)              <6> on input line 35.
LaTeX Font Info:    Try loading font information for U+lasy on input line 35.

(/usr/local/texlive/2007/texmf-dist/tex/latex/base/ulasy.fd
File: ulasy.fd 1998/08/17 v2.2e LaTeX symbol font definitions
)
LaTeX Font Info:    Font shape `OT1/ptm/bx/n' in size <12> not available
(Font)              Font shape `OT1/ptm/b/n' tried instead on input line 35.
LaTeX Font Info:    Try loading font information for OT1+pcr on input line 35.

(/usr/local/texlive/2007/texmf-dist/tex/latex/psnfss/ot1pcr.fd
File: ot1pcr.fd 2001/06/04 font definitions for OT1/pcr.
)
LaTeX Font Info:    Font shape `OT1/ptm/bx/n' in size <10.95> not available
(Font)              Font shape `OT1/ptm/b/n' tried instead on input line 65.

Underfull \hbox (badness 1152) in paragraph at lines 57--69
\OT1/ptm/m/n/10.95 au-thors are re-quired to ad-here to these spec-
 []


Underfull \hbox (badness 2261) in paragraph at lines 57--69
\OT1/ptm/m/n/10.95 Portable Doc-u-ment For-mat (PDF) ver-sion of
 []


Underfull \hbox (badness 3189) in paragraph at lines 57--69
\OT1/ptm/b/n/10.95 on A4 pa-per\OT1/ptm/m/n/10.95 . Au-thors from coun-tries in

 []


Underfull \hbox (badness 6332) in paragraph at lines 57--69
\OT1/ptm/m/n/10.95 Shin Chang (\OT1/pcr/m/n/10.95 jshin@csie.ncnu.edu.tw\OT1/pt
m/m/n/10.95 )
 []


LaTeX Warning: Reference `ssec:first' on page 1 undefined on input line 76.


LaTeX Warning: Reference `sec:length' on page 1 undefined on input line 80.


Underfull \vbox (badness 1152) has occurred while \output is active []

LaTeX Font Info:    External font `cmex10' loaded for size
(Font)              <10.95> on input line 84.

Underfull \hbox (badness 4341) in paragraph at lines 84--97
\OT1/ptm/m/n/10.95 (acl2010.tex) and PDF for-mat (acl2010.pdf),
 []


Underfull \hbox (badness 1924) in paragraph at lines 84--97
\OT1/ptm/m/n/10.95 style (acl.bst). These files are all avail-able
 []


Underfull \hbox (badness 10000) in paragraph at lines 84--97
\OT1/ptm/m/n/10.95 at $\OT1/pcr/m/n/10.95 http : / / nlp . csie . ncnu . edu . 
tw /
 []


Underfull \hbox (badness 10000) in paragraph at lines 84--97
[]\OT1/pcr/m/n/10.95 shin / acl2010 / publication / doc /
 []


Underfull \hbox (badness 1014) in paragraph at lines 84--97
\OT1/ptm/m/n/10.95 re-mov-ing any per-sonal in-for-ma-tion from your
 []

[1{/usr/local/texlive/2007/texmf-var/fonts/map/pdftex/updmap/pdftex.map}



]
LaTeX Font Info:    Try loading font information for OMS+ptm on input line 141.


(/usr/local/texlive/2007/texmf-dist/tex/latex/psnfss/omsptm.fd
File: omsptm.fd 
)
LaTeX Font Info:    Font shape `OMS/ptm/m/n' in size <10.95> not available
(Font)              Font shape `OMS/cmsy/m/n' tried instead on input line 141.


LaTeX Warning: Reference `font-table' on page 2 undefined on input line 203.

[2]

LaTeX Warning: Citation `Gusfield:97' on page 3 undefined on input line 245.


LaTeX Warning: Citation `Gusfield:97' on page 3 undefined on input line 246.


LaTeX Warning: Citation `Aho:72' on page 3 undefined on input line 249.


LaTeX Warning: Citation `Chandra:81' on page 3 undefined on input line 250.


LaTeX Warning: Citation `Gusfield:97' on page 3 undefined on input line 251.


LaTeX Warning: Citation `Aho:72' on page 3 undefined on input line 251.


LaTeX Warning: Citation `Gusfield:97' on page 3 undefined on input line 255.


LaTeX Warning: Citation `Gusfield:97' on page 3 undefined on input line 259.


LaTeX Warning: Citation `Gusfield:97' on page 3 undefined on input line 269.


LaTeX Warning: Citation `Gusfield:97' on page 3 undefined on input line 273.


LaTeX Warning: Citation `APA:83' on page 3 undefined on input line 288.


LaTeX Warning: Citation `ACM:83' on page 3 undefined on input line 291.


Underfull \hbox (badness 1152) in paragraph at lines 293--296
[]\OT1/ptm/m/n/10.95 The L[]T[]X and BibT[]X style files pro-vided
 []

LaTeX Font Info:    External font `cmex10' loaded for size
(Font)              <9> on input line 308.
LaTeX Font Info:    External font `cmex10' loaded for size
(Font)              <5> on input line 308.

Underfull \hbox (badness 1142) in paragraph at lines 314--319
\OT1/ptm/b/n/10.95 Illustrations\OT1/ptm/m/n/10.95 : Place fig-ures, ta-bles, a
nd pho-
 []

[3] [4

] (./acl2010.aux)

LaTeX Warning: There were undefined references.


LaTeX Warning: Label(s) may have changed. Rerun to get cross-references right.

 ) 
Here is how much of TeX's memory you used:
 492 strings out of 94073
 6209 string characters out of 1162984
 56485 words of memory out of 1500000
 3807 multiletter control sequences out of 10000+50000
 28133 words of font info for 62 fonts, out of 1200000 for 2000
 645 hyphenation exceptions out of 8191
 23i,9n,19p,180b,256s stack positions out of 5000i,500n,6000p,200000b,5000s
{/usr/local/texlive/2007/texmf-dist/fonts/enc/dvips/base/8r.enc}</usr/local/t
exlive/2007/texmf-dist/fonts/type1/bluesky/cm/cmmi10.pfb></usr/local/texlive/20
07/texmf-dist/fonts/type1/bluesky/cm/cmsy10.pfb></usr/local/texlive/2007/texmf-
dist/fonts/type1/urw/courier/ucrr8a.pfb></usr/local/texlive/2007/texmf-dist/fon
ts/type1/urw/times/utmb8a.pfb></usr/local/texlive/2007/texmf-dist/fonts/type1/u
rw/times/utmr8a.pfb></usr/local/texlive/2007/texmf-dist/fonts/type1/urw/times/u
tmri8a.pfb>
Output written on acl2010.pdf (4 pages, 80991 bytes).
PDF statistics:
 40 PDF objects out of 1000 (max. 8388607)
 0 named destinations out of 1000 (max. 131072)
 1 words of extra memory for PDF output out of 10000 (max. 10000000)

