This is pdfeTeX, Version 3.141592-1.21a-2.2 (MiKTeX 2.4) (preloaded format=latex 2009.2.23)  2 DEC 2009 23:37
entering extended mode
**lecture6.tex
(lecture6.tex
LaTeX2e <2003/12/01>
Babel <v3.8g> and hyphenation patterns for english, dumylang, nohyphenation, ge
rman, ngerman, french, loaded.
(C:\CTeX\texmf\tex\latex\beamer\beamer.cls
(C:\CTeX\texmf\tex\latex\beamer\beamerbasercs.sty
Package: beamerbasercs 2004/10/07 (rcs-revision 1.3)
)
Document Class: beamer 2004/10/11 cvs version 3.01 A class for typesetting pres
entations (rcs-revision 1.55)
(C:\CTeX\texmf\tex\latex\beamer\beamerbasemodes.sty
Package: beamerbasemodes 2004/10/07 (rcs-revision 1.20)
\beamer@tempbox=\box26
\beamer@tempcount=\count79
\c@beamerpauses=\count80

(C:\CTeX\texmf\tex\latex\beamer\beamerbasedecode.sty
Package: beamerbasedecode 2004/10/07 (rcs-revision 1.16)
\beamer@slideinframe=\count81
\beamer@minimum=\count82
)
\beamer@commentbox=\box27
\beamer@modecount=\count83
)
\headheight=\dimen102
\headdp=\dimen103
\footheight=\dimen104
\sidebarheight=\dimen105
\beamer@tempdim=\dimen106
\beamer@finalheight=\dimen107
\beamer@animht=\dimen108
\beamer@animdp=\dimen109
\beamer@animwd=\dimen110
\beamer@leftmargin=\dimen111
\beamer@rightmargin=\dimen112
\beamer@leftsidebar=\dimen113
\beamer@rightsidebar=\dimen114
\beamer@boxsize=\dimen115
\beamer@vboxoffset=\dimen116
\beamer@descdefault=\dimen117
\beamer@descriptionwidth=\dimen118
\beamer@lastskip=\skip41
\beamer@areabox=\box28
\beamer@animcurrent=\box29
\beamer@animshowbox=\box30
\beamer@sectionbox=\box31
\beamer@logobox=\box32
\beamer@linebox=\box33
\beamer@sectioncount=\count84
\beamer@subsectionmax=\count85
\beamer@sectionmax=\count86
\beamer@totalheads=\count87
\beamer@headcounter=\count88
\beamer@partstartpage=\count89
\beamer@sectionstartpage=\count90
\beamer@subsectionstartpage=\count91
\beamer@animationtempa=\count92
\beamer@animationtempb=\count93
\beamer@xpos=\count94
\beamer@ypos=\count95
\beamer@showpartnumber=\count96
\beamer@currentsubsection=\count97
\beamer@coveringdepth=\count98
\beamer@sectionadjust=\count99
\beamer@tocsectionnumber=\count100

(C:\CTeX\texmf\tex\latex\beamer\beamerbaseoptions.sty
Package: beamerbaseoptions 2004/10/07 (rcs-revision 1.6)

(C:\CTeX\texmf\tex\latex\graphics\keyval.sty
Package: keyval 1999/03/16 v1.13 key=value parser (DPC)
\KV@toks@=\toks14
))
(C:\CTeX\texmf\tex\latex\pgf\pgf.sty
Package: pgf 2004/10/08 ver 0.65
\pgf@objectcount=\count101

(C:\CTeX\texmf\tex\latex\graphics\graphicx.sty
Package: graphicx 1999/02/16 v1.0f Enhanced LaTeX Graphics (DPC,SPQR)

(C:\CTeX\texmf\tex\latex\graphics\graphics.sty
Package: graphics 2001/07/07 v1.0n Standard LaTeX Graphics (DPC,SPQR)

(C:\CTeX\texmf\tex\latex\graphics\trig.sty
Package: trig 1999/03/16 v1.09 sin cos tan (DPC)
)
(C:\CTeX\texmf\tex\latex\00miktex\graphics.cfg
File: graphics.cfg 2003/03/12 v1.1 MiKTeX 'graphics' configuration
)
Package graphics Info: Driver file: pdftex.def on input line 80.

(C:\CTeX\texmf\tex\latex\graphics\pdftex.def
File: pdftex.def 2005/06/20 v0.03m graphics/color for pdftex
\Gread@gobject=\count102
))
\Gin@req@height=\dimen119
\Gin@req@width=\dimen120
)
(C:\CTeX\texmf\tex\latex\xcolor\xcolor.sty
Package: xcolor 2005/09/30 v2.05 LaTeX color extensions (UK)

(C:\CTeX\texmf\tex\latex\00miktex\color.cfg
File: color.cfg 2003/03/08 v1.0 MiKTeX 'color' configuration
)
Package xcolor Info: Driver file: pdftex.def on input line 199.
Package xcolor Info: Color model `cmy' added on input line 1137.
Package xcolor Info: Color model `hsb' added on input line 1145.
Package xcolor Info: Color model `RGB' extended on input line 1160.
Package xcolor Info: Color model `HTML' added on input line 1171.
Package xcolor Info: Color model `HSB' added on input line 1177.
Package xcolor Info: Color model `Gray' added on input line 1183.
)
\pgfex=\dimen121
\pgfem=\dimen122
\pgf@linewidth=\dimen123
\pgfpic=\box34
\pgf@hbox=\box35
\pgf@tempbox=\box36
\pgf@aax=\dimen124
\pgf@aay=\dimen125
\pgf@abx=\dimen126
\pgf@aby=\dimen127
\pgf@bax=\dimen128
\pgf@bay=\dimen129
\pgf@bbx=\dimen130
\pgf@bby=\dimen131
\pgf@tempdim=\dimen132
\pgf@x=\dimen133
\pgf@y=\dimen134
\pgf@xa=\dimen135
\pgf@ya=\dimen136
\pgf@xb=\dimen137
\pgf@yb=\dimen138
\pgf@xc=\dimen139
\pgf@yc=\dimen140
\pgfobjectbox=\box37
\pgf@xx=\dimen141
\pgf@xy=\dimen142
\pgf@yx=\dimen143
\pgf@yy=\dimen144
\pgf@zx=\dimen145
\pgf@zy=\dimen146
\pgf@counta=\count103
\pgf@countb=\count104
)
(C:\CTeX\texmf\tex\latex\pgf\xxcolor.sty
Package: xxcolor 2003/10/24 ver 0.1
\XC@nummixins=\count105
\XC@countmixins=\count106
)
(C:\CTeX\texmf\tex\latex\amsfonts\amssymb.sty
Package: amssymb 2002/01/22 v2.2d

(C:\CTeX\texmf\tex\latex\amsfonts\amsfonts.sty
Package: amsfonts 2001/10/25 v2.2f
\@emptytoks=\toks15
\symAMSa=\mathgroup4
\symAMSb=\mathgroup5
LaTeX Font Info:    Overwriting math alphabet `\mathfrak' in version `bold'
(Font)                  U/euf/m/n --> U/euf/b/n on input line 132.
))
(C:\CTeX\texmf\tex\latex\geometry\geometry.sty
Package: geometry 2002/07/08 v3.2 Page Geometry
\Gm@cnth=\count107
\Gm@cntv=\count108
\c@Gm@tempcnt=\count109
\Gm@bindingoffset=\dimen147
\Gm@wd@mp=\dimen148
\Gm@odd@mp=\dimen149
\Gm@even@mp=\dimen150
\Gm@dimlist=\toks16

(C:\CTeX\texmf\tex\latex\geometry\geometry.cfg))
(C:\CTeX\texmf\tex\latex\hyperref\hyperref.sty
Package: hyperref 2003/11/30 v6.74m Hypertext links for LaTeX
\@linkdim=\dimen151
\Hy@linkcounter=\count110
\Hy@pagecounter=\count111

(C:\CTeX\texmf\tex\latex\hyperref\pd1enc.def
File: pd1enc.def 2003/11/30 v6.74m Hyperref: PDFDocEncoding definition (HO)
)
(C:\CTeX\texmf\tex\latex\00miktex\hyperref.cfg
File: hyperref.cfg 2003/03/08 v1.0 MiKTeX 'hyperref' configuration
)
Package hyperref Info: Option `bookmarks' set `true' on input line 1830.
Package hyperref Info: Option `bookmarksopen' set `true' on input line 1830.
Package hyperref Info: Option `implicit' set `false' on input line 1830.
Package hyperref Info: Hyper figures OFF on input line 1880.
Package hyperref Info: Link nesting OFF on input line 1885.
Package hyperref Info: Hyper index ON on input line 1888.
Package hyperref Info: Plain pages ON on input line 1893.
Package hyperref Info: Backreferencing OFF on input line 1900.

Implicit mode OFF; no redefinition of LaTeX internals
Package hyperref Info: Bookmarks ON on input line 2004.
(C:\CTeX\texmf\tex\latex\ltxmisc\url.sty
\Urlmuskip=\muskip10
Package: url 2005/06/27  ver 3.2  Verb mode for urls, etc.
)
LaTeX Info: Redefining \url on input line 2143.
\Fld@menulength=\count112
\Field@Width=\dimen152
\Fld@charsize=\dimen153
\Choice@toks=\toks17
\Field@toks=\toks18
Package hyperref Info: Hyper figures OFF on input line 2618.
Package hyperref Info: Link nesting OFF on input line 2623.
Package hyperref Info: Hyper index ON on input line 2626.
Package hyperref Info: backreferencing OFF on input line 2633.
Package hyperref Info: Link coloring OFF on input line 2638.

Hyperref stopped early
)
*hyperref using default driver hpdftex*
(C:\CTeX\texmf\tex\latex\hyperref\hpdftex.def
File: hpdftex.def 2003/11/30 v6.74m Hyperref driver for pdfTeX

(C:\CTeX\texmf\tex\latex\psnfss\pifont.sty
Package: pifont 2005/04/12 PSNFSS-v9.2a Pi font support (SPQR) 
LaTeX Font Info:    Try loading font information for U+pzd on input line 63.

(C:\CTeX\texmf\tex\latex\psnfss\upzd.fd
File: upzd.fd 2001/06/04 font definitions for U/pzd.
)
LaTeX Font Info:    Try loading font information for U+psy on input line 64.

(C:\CTeX\texmf\tex\latex\psnfss\upsy.fd
File: upsy.fd 2001/06/04 font definitions for U/psy.
))
\Fld@listcount=\count113
\@outlinefile=\write3
)
(C:\CTeX\texmf\tex\latex\base\size11.clo
File: size11.clo 2004/02/16 v1.4f Standard LaTeX file (size option)
)
(C:\CTeX\texmf\tex\latex\beamer\beamerbasecompatibility.sty
Package: beamerbasecompatibility 2004/11/01 (rcs-revision 1.56)
)
(C:\CTeX\texmf\tex\latex\beamer\beamerbasefont.sty
Package: beamerbasefont 2004/10/07 (rcs-revision 1.11)
LaTeX Font Info:    Overwriting symbol font `operators' in version `normal'
(Font)                  OT1/cmr/m/n --> OT1/cmss/m/n on input line 170.
LaTeX Font Info:    Overwriting symbol font `operators' in version `bold'
(Font)                  OT1/cmr/bx/n --> OT1/cmss/bx/n on input line 173.
)
(C:\CTeX\texmf\tex\latex\beamer\beamerbasemisc.sty
Package: beamerbasemisc 2004/10/07 (rcs-revision 1.19)
)
(C:\CTeX\texmf\tex\latex\beamer\beamerbaseoverlay.sty
Package: beamerbaseoverlay 2004/10/26 (rcs-revision 1.47)
\beamer@argscount=\count114
\beamer@lastskipcover=\skip42
\beamer@trivlistdepth=\count115
)
(C:\CTeX\texmf\tex\latex\beamer\beamerbasetitle.sty
Package: beamerbasetitle 2004/11/01 (rcs-revision 1.22)
)
(C:\CTeX\texmf\tex\latex\beamer\beamerbasesection.sty
Package: beamerbasesection 2004/10/14 (rcs-revision 1.15)
\c@lecture=\count116
\c@part=\count117
\c@section=\count118
\c@subsection=\count119
)
(C:\CTeX\texmf\tex\latex\beamer\beamerbaseframe.sty
Package: beamerbaseframe 2004/11/01 (rcs-revision 1.47)
\beamer@framebox=\box38
\beamer@frametitlebox=\box39
\beamer@zoombox=\box40
\beamer@zoomcount=\count120
\beamer@zoomframecount=\count121
\beamer@frametextheight=\dimen154
\c@subsectionslide=\count122
\beamer@frametopskip=\skip43
\beamer@framebottomskip=\skip44
\beamer@frametopskipautobreak=\skip45
\beamer@framebottomskipautobreak=\skip46
\beamer@envbody=\toks19
\c@framenumber=\count123
)
(C:\CTeX\texmf\tex\latex\beamer\beamerbaseverbatim.sty
Package: beamerbaseverbatim 2004/10/13 (rcs-revision 1.2)
\beamer@verbatimfileout=\write4
)
(C:\CTeX\texmf\tex\latex\beamer\beamerbaseframesize.sty
Package: beamerbaseframesize 2004/10/20 (rcs-revision 1.9)
\beamer@splitbox=\box41
\beamer@autobreakcount=\count124
\beamer@frametitletoks=\toks20
\beamer@framesubtitletoks=\toks21
)
(C:\CTeX\texmf\tex\latex\beamer\beamerbaseframecomponents.sty
Package: beamerbaseframecomponents 2004/11/01 (rcs-revision 1.39)
\beamer@footins=\box42
)
(C:\CTeX\texmf\tex\latex\beamer\beamerbasecolor.sty
Package: beamerbasecolor 2004/10/28 (rcs-revision 1.38)
)
(C:\CTeX\texmf\tex\latex\beamer\beamerbasenotes.sty
Package: beamerbasenotes 2004/10/08 (rcs-revision 1.14)
\beamer@frameboxcopy=\box43
)
(C:\CTeX\texmf\tex\latex\beamer\beamerbasetoc.sty
Package: beamerbasetoc 2004/10/07 (rcs-revision 1.19)
)
(C:\CTeX\texmf\tex\latex\beamer\beamerbasetemplates.sty
Package: beamerbasetemplates 2004/10/07 (rcs-revision 1.50)
\beamer@sbttoks=\toks22

(C:\CTeX\texmf\tex\latex\beamer\beamerbaseauxtemplates.sty
Package: beamerbaseauxtemplates 2004/10/28 (rcs-revision 1.21)

(C:\CTeX\texmf\tex\latex\pgf\pgfshade.sty
Package: pgfshade 2004/10/08 ver 0.64
\pgf@max=\dimen155
)
(C:\CTeX\texmf\tex\latex\beamer\beamerbaseboxes.sty
Package: beamerbaseboxes 2004/10/28 (rcs-revision 1.22)
\bmb@box=\box44
\bmb@colorbox=\box45
\bmb@boxshadow=\box46
\bmb@boxshadowball=\box47
\bmb@boxshadowballlarge=\box48
\bmb@temp=\dimen156
\bmb@dima=\dimen157
\bmb@dimb=\dimen158
\bmb@prevheight=\dimen159
)
\beamer@blockheadheight=\dimen160
))
(C:\CTeX\texmf\tex\latex\beamer\beamerbaselocalstructure.sty
Package: beamerbaselocalstructure 2004/11/01 (rcs-revision 1.50)

(C:\CTeX\texmf\tex\latex\tools\enumerate.sty
Package: enumerate 1999/03/05 v3.00 enumerate extensions (DPC)
\@enLab=\toks23
)
\c@figure=\count125
\c@table=\count126
\abovecaptionskip=\skip47
\belowcaptionskip=\skip48
)
(C:\CTeX\texmf\tex\latex\beamer\beamerbasenavigation.sty
Package: beamerbasenavigation 2004/11/01 (rcs-revision 1.30)
)
(C:\CTeX\texmf\tex\latex\beamer\beamerbasetheorems.sty
Package: beamerbasetheorems 2004/10/07 (rcs-revision 1.6)

(C:\CTeX\texmf\tex\latex\amsmath\amsmath.sty
Package: amsmath 2000/07/18 v2.13 AMS math features
\@mathmargin=\skip49

For additional information on amsmath, use the `?' option.
(C:\CTeX\texmf\tex\latex\amsmath\amstext.sty
Package: amstext 2000/06/29 v2.01

(C:\CTeX\texmf\tex\latex\amsmath\amsgen.sty
File: amsgen.sty 1999/11/30 v2.0
\@emptytoks=\toks24
\ex@=\dimen161
))
(C:\CTeX\texmf\tex\latex\amsmath\amsbsy.sty
Package: amsbsy 1999/11/29 v1.2d
\pmbraise@=\dimen162
)
(C:\CTeX\texmf\tex\latex\amsmath\amsopn.sty
Package: amsopn 1999/12/14 v2.01 operator names
)
\inf@bad=\count127
LaTeX Info: Redefining \frac on input line 211.
\uproot@=\count128
\leftroot@=\count129
LaTeX Info: Redefining \overline on input line 307.
\classnum@=\count130
\DOTSCASE@=\count131
LaTeX Info: Redefining \ldots on input line 379.
LaTeX Info: Redefining \dots on input line 382.
LaTeX Info: Redefining \cdots on input line 467.
\Mathstrutbox@=\box49
\strutbox@=\box50
\big@size=\dimen163
LaTeX Font Info:    Redeclaring font encoding OML on input line 567.
LaTeX Font Info:    Redeclaring font encoding OMS on input line 568.
\macc@depth=\count132
\c@MaxMatrixCols=\count133
\dotsspace@=\muskip11
\c@parentequation=\count134
\dspbrk@lvl=\count135
\tag@help=\toks25
\row@=\count136
\column@=\count137
\maxfields@=\count138
\andhelp@=\toks26
\eqnshift@=\dimen164
\alignsep@=\dimen165
\tagshift@=\dimen166
\tagwidth@=\dimen167
\totwidth@=\dimen168
\lineht@=\dimen169
\@envbody=\toks27
\multlinegap=\skip50
\multlinetaggap=\skip51
\mathdisplay@stack=\toks28
LaTeX Info: Redefining \[ on input line 2666.
LaTeX Info: Redefining \] on input line 2667.
)
(C:\CTeX\texmf\tex\latex\amscls\amsthm.sty
Package: amsthm 2004/08/06 v2.20
\thm@style=\toks29
\thm@bodyfont=\toks30
\thm@headfont=\toks31
\thm@notefont=\toks32
\thm@headpunct=\toks33
\thm@preskip=\skip52
\thm@postskip=\skip53
\thm@headsep=\skip54
\dth@everypar=\toks34
)
\c@theorem=\count139
)
(C:\CTeX\texmf\tex\latex\beamer\beamerbasethemes.sty
Package: beamerbasethemes 2004/10/07 (rcs-revision 1.9)
)
(C:\CTeX\texmf\tex\latex\beamer\themes\theme\beamerthemedefault.sty
Package: beamerthemedefault 2004/10/07 (rcs-revision 1.6)

(C:\CTeX\texmf\tex\latex\beamer\themes\font\beamerfontthemedefault.sty
Package: beamerfontthemedefault 2004/10/07 (rcs-revision 1.10)
)
(C:\CTeX\texmf\tex\latex\beamer\themes\color\beamercolorthemedefault.sty
Package: beamercolorthemedefault 2004/10/07 (rcs-revision 1.25)
)
(C:\CTeX\texmf\tex\latex\beamer\themes\inner\beamerinnerthemedefault.sty
Package: beamerinnerthemedefault 2004/10/28 (rcs-revision 1.16)
\beamer@dima=\dimen170
\beamer@dimb=\dimen171
)
(C:\CTeX\texmf\tex\latex\beamer\themes\outer\beamerouterthemedefault.sty
Package: beamerouterthemedefault 2004/10/07 (rcs-revision 1.6)
)))
(C:\CTeX\texmf\tex\latex\tools\verbatim.sty
Package: verbatim 2003/08/22 v1.5q LaTeX2e package for verbatim enhancements
\every@verbatim=\toks35
\verbatim@line=\toks36
\verbatim@in@stream=\read1
)
(C:\CTeX\texmf\tex\latex\setspace\setspace.sty
Package: setspace 2000/12/01 6.7 Contributed and Supported LaTeX2e package

Package: `setspace' 6.7 <2000/12/01>
) (lecture6.aux)
LaTeX Font Info:    Checking defaults for OML/cmm/m/it on input line 17.
LaTeX Font Info:    ... okay on input line 17.
LaTeX Font Info:    Checking defaults for T1/cmr/m/n on input line 17.
LaTeX Font Info:    ... okay on input line 17.
LaTeX Font Info:    Checking defaults for OT1/cmr/m/n on input line 17.
LaTeX Font Info:    ... okay on input line 17.
LaTeX Font Info:    Checking defaults for OMS/cmsy/m/n on input line 17.
LaTeX Font Info:    ... okay on input line 17.
LaTeX Font Info:    Checking defaults for OMX/cmex/m/n on input line 17.
LaTeX Font Info:    ... okay on input line 17.
LaTeX Font Info:    Checking defaults for U/cmr/m/n on input line 17.
LaTeX Font Info:    ... okay on input line 17.
LaTeX Font Info:    Checking defaults for PD1/pdf/m/n on input line 17.
LaTeX Font Info:    ... okay on input line 17.
 (C:\CTeX\texmf\tex\context\base\supp-pdf.tex
(C:\CTeX\texmf\tex\context\base\supp-mis.tex
loading : Context Support Macros / Miscellaneous (2004.10.26)
\protectiondepth=\count140
\scratchcounter=\count141
\scratchtoks=\toks37
\scratchdimen=\dimen172
\scratchskip=\skip55
\scratchmuskip=\muskip12
\scratchbox=\box51
\scratchread=\read2
\scratchwrite=\write5
\zeropoint=\dimen173
\onepoint=\dimen174
\onebasepoint=\dimen175
\minusone=\count142
\thousandpoint=\dimen176
\onerealpoint=\dimen177
\emptytoks=\toks38
\nextbox=\box52
\nextdepth=\dimen178
\everyline=\toks39
\!!counta=\count143
\!!countb=\count144
\recursecounter=\count145
)
loading : Context Support Macros / PDF (2004.03.26)
\nofMPsegments=\count146
\nofMParguments=\count147
\MPscratchCnt=\count148
\MPscratchDim=\dimen179
\MPnumerator=\count149
\everyMPtoPDFconversion=\toks40
)
-------------------- Geometry parameters
paper: user defined
landscape: --
twocolumn: --
twoside: --
asymmetric: --
h-parts: 28.45274pt, 307.28987pt, 28.45274pt
v-parts: 0.0pt, 273.14662pt, 0.0pt
hmarginratio: --
vmarginratio: --
lines: --
heightrounded: --
bindingoffset: 0.0pt
truedimen: --
includehead: true
includefoot: true
includemp: --
driver: pdftex
-------------------- Page layout dimensions and switches
\paperwidth  364.19536pt
\paperheight 273.14662pt
\textwidth  307.28987pt
\textheight 244.6939pt
\oddsidemargin  -43.81725pt
\evensidemargin -43.81725pt
\topmargin  -72.26999pt
\headheight 14.22636pt
\headsep    0.0pt
\footskip   14.22636pt
\marginparwidth 4.0pt
\marginparsep   10.0pt
\columnsep  10.0pt
\skip\footins  10.0pt plus 4.0pt minus 2.0pt
\hoffset 0.0pt
\voffset 0.0pt
\mag 1000

(1in=72.27pt, 1cm=28.45pt)
-----------------------
Package hyperref Info: Link coloring OFF on input line 17.
 (C:\CTeX\texmf\tex\latex\hyperref\nameref.sty
Package: nameref 2003/12/03 v2.21 Cross-referencing by name of section
\c@section@level=\count150
)
LaTeX Info: Redefining \ref on input line 17.
LaTeX Info: Redefining \pageref on input line 17.
 (lecture6.out) (lecture6.out)
\symnumbers=\mathgroup6
\sympureletters=\mathgroup7
LaTeX Font Info:    Overwriting math alphabet `\mathrm' in version `normal'
(Font)                  OT1/cmss/m/n --> OT1/cmr/m/n on input line 17.
LaTeX Font Info:    Redeclaring math alphabet \mathbf on input line 17.
LaTeX Font Info:    Overwriting math alphabet `\mathbf' in version `normal'
(Font)                  OT1/cmr/bx/n --> OT1/cmss/bx/n on input line 17.
LaTeX Font Info:    Overwriting math alphabet `\mathbf' in version `bold'
(Font)                  OT1/cmr/bx/n --> OT1/cmss/bx/n on input line 17.
LaTeX Font Info:    Redeclaring math alphabet \mathsf on input line 17.
LaTeX Font Info:    Overwriting math alphabet `\mathsf' in version `normal'
(Font)                  OT1/cmss/m/n --> OT1/cmss/m/n on input line 17.
LaTeX Font Info:    Overwriting math alphabet `\mathsf' in version `bold'
(Font)                  OT1/cmss/bx/n --> OT1/cmss/m/n on input line 17.
LaTeX Font Info:    Redeclaring math alphabet \mathit on input line 17.
LaTeX Font Info:    Overwriting math alphabet `\mathit' in version `normal'
(Font)                  OT1/cmr/m/it --> OT1/cmss/m/it on input line 17.
LaTeX Font Info:    Overwriting math alphabet `\mathit' in version `bold'
(Font)                  OT1/cmr/bx/it --> OT1/cmss/m/it on input line 17.
LaTeX Font Info:    Redeclaring math alphabet \mathtt on input line 17.
LaTeX Font Info:    Overwriting math alphabet `\mathtt' in version `normal'
(Font)                  OT1/cmtt/m/n --> OT1/cmtt/m/n on input line 17.
LaTeX Font Info:    Overwriting math alphabet `\mathtt' in version `bold'
(Font)                  OT1/cmtt/m/n --> OT1/cmtt/m/n on input line 17.
LaTeX Font Info:    Overwriting symbol font `numbers' in version `bold'
(Font)                  OT1/cmss/m/n --> OT1/cmss/bx/n on input line 17.
LaTeX Font Info:    Overwriting symbol font `pureletters' in version `bold'
(Font)                  OT1/cmss/m/it --> OT1/cmss/bx/it on input line 17.
LaTeX Font Info:    Overwriting math alphabet `\mathrm' in version `bold'
(Font)                  OT1/cmss/bx/n --> OT1/cmr/bx/n on input line 17.
LaTeX Font Info:    Overwriting math alphabet `\mathbf' in version `bold'
(Font)                  OT1/cmss/bx/n --> OT1/cmss/bx/n on input line 17.
LaTeX Font Info:    Overwriting math alphabet `\mathsf' in version `bold'
(Font)                  OT1/cmss/m/n --> OT1/cmss/bx/n on input line 17.
LaTeX Font Info:    Overwriting math alphabet `\mathit' in version `bold'
(Font)                  OT1/cmss/m/it --> OT1/cmss/bx/it on input line 17.
LaTeX Font Info:    Overwriting math alphabet `\mathtt' in version `bold'
(Font)                  OT1/cmtt/m/n --> OT1/cmtt/bx/n on input line 17.

(lecture6.nav)

LaTeX Font Warning: Font shape `OT1/cmss/m/n' in size <4> not available
(Font)              size <5> substituted on input line 19.

[1

{psfonts.map}] [2

]
LaTeX Font Info:    Try loading font information for U+msa on input line 40.
 (C:\CTeX\texmf\tex\latex\amsfonts\umsa.fd
File: umsa.fd 2002/01/19 v2.2g AMS font definitions
)
LaTeX Font Info:    Try loading font information for U+msb on input line 40.

(C:\CTeX\texmf\tex\latex\amsfonts\umsb.fd
File: umsb.fd 2002/01/19 v2.2g AMS font definitions
) [3

]
<partition.png, id=104, 645.612pt x 258.36525pt>
File: partition.png Graphic file (type png)
 <use partition.png> [4

 <partition.png>] [5

] [6

] [7

]
Overfull \hbox (80.37607pt too wide) detected at line 82
[] \OT1/cmss/m/n/10.95 = [] + []
 []

[8

] [9

]
Overfull \hbox (28.39023pt too wide) in alignment at lines 106--106
 [][][] []
 []

[10

] [11

] [12

] [13

] [14

]
Overfull \hbox (21.79784pt too wide) in paragraph at lines 188--188
 [] 
 []

[15

] [16

] [17

] [18

] [19

] [20

] [21

] [22

] [23

]
Missing character: There is no ¡ in font cmss10!
Missing character: There is no ¯ in font cmss10!
 [24

] [25

] [26

]
<f1.png, id=711, 267.399pt x 200.4288pt>
File: f1.png Graphic file (type png)
 <use f1.png>
<f2.png, id=712, 261.6174pt x 196.0926pt>
File: f2.png Graphic file (type png)
 <use f2.png>
<f3.png, id=713, 267.399pt x 200.4288pt>
File: f3.png Graphic file (type png)
 <use f3.png> [27

 <f1.png> <f2.png> <f3.png>] <msr.png, id=742, 645.612pt x 258.36525pt>
File: msr.png Graphic file (type png)
 <use msr.png> [28

 <msr.png>]
[29

] [30

] [31

] [32

] [33

]
\tf@nav=\write6
\tf@toc=\write7
\tf@snm=\write8
 (lecture6.aux)

LaTeX Font Warning: Size substitutions with differences
(Font)              up to 1.0pt have occurred.

 ) 
Here is how much of TeX's memory you used:
 7759 strings out of 95515
 124927 string characters out of 1189349
 198941 words of memory out of 1197604
 10398 multiletter control sequences out of 60000
 16231 words of font info for 60 fonts, out of 1000000 for 2000
 14 hyphenation exceptions out of 4999
 41i,14n,55p,256b,524s stack positions out of 5000i,500n,10000p,200000b,32768s
PDF statistics:
 893 PDF objects out of 300000
 69 named destinations out of 300000
 62 words of extra memory for PDF output out of 65536

! pdfTeX warning (dest): name{Navigation34} has been referenced but does not ex
ist, replaced by a fixed one

! pdfTeX warning (dest): name{Navigation38} has been referenced but does not ex
ist, replaced by a fixed one

<C:\CTeX\texmf\fonts\type1\bluesky\cm\cmmi8.pfb><C:\CTeX\texmf\fonts\type1\blue
sky\cm\cmmi12.pfb><C:\CTeX\texmf\fonts\type1\bluesky\cm\cmssi12.pfb><C:\CTeX\te
xmf\fonts\type1\bluesky\symbols\msbm10.pfb><C:\CTeX\texmf\fonts\type1\bluesky\c
m\cmmi10.pfb><C:\CTeX\texmf\fonts\type1\bluesky\cm\cmss9.pfb><C:\CTeX\texmf\fon
ts\type1\bluesky\cm\cmsy8.pfb><C:\CTeX\texmf\fonts\type1\bluesky\cm\cmss8.pfb><
C:\CTeX\texmf\fonts\type1\bluesky\cm\cmex10.pfb><C:\CTeX\texmf\fonts\type1\blue
sky\cm\cmsy10.pfb><C:\CTeX\texmf\fonts\type1\bluesky\cm\cmssi8.pfb><C:\CTeX\tex
mf\fonts\type1\bluesky\cm\cmssi10.pfb><C:\CTeX\texmf\fonts\type1\bluesky\cm\cms
s10.pfb><C:\CTeX\texmf\fonts\type1\bluesky\cm\cmss12.pfb>
Output written on lecture6.pdf (33 pages, 308596 bytes).
