This is pdfTeXk, Version 3.1415926-1.40.9 (Web2C 7.5.7) (format=pdflatex 2008.12.28)  17 FEB 2010 18:06
entering extended mode
\write18 enabled.
 %&-line parsing enabled.
**definitions.tex
(./definitions.tex
LaTeX2e <2005/12/01>
Babel <v3.8l> and hyphenation patterns for english, usenglishmax, dumylang, noh
yphenation, german-x-2008-06-18, ngerman-x-2008-06-18, ancientgreek, ibycus, ar
abic, basque, bulgarian, catalan, pinyin, coptic, croatian, czech, danish, dutc
h, esperanto, estonian, farsi, finnish, french, galician, german, ngerman, mono
greek, greek, hungarian, icelandic, indonesian, interlingua, irish, italian, la
tin, lithuanian, mongolian, mongolian2a, bokmal, nynorsk, polish, portuguese, r
omanian, russian, sanskrit, serbian, slovak, slovenian, spanish, swedish, turki
sh, ukenglish, ukrainian, uppersorbian, welsh, loaded.
! Undefined control sequence.
l.4 \DeclareMathOperator
                        *{\Ave}{\mathbb{E}}
? 

! LaTeX Error: Missing \begin{document}.

See the LaTeX manual or LaTeX Companion for explanation.
Type  H <return>  for immediate help.
 ...                                              
                                                  
l.4 \DeclareMathOperator*
                         {\Ave}{\mathbb{E}}
? 
Missing character: There is no * in font nullfont!
! Undefined control sequence.
l.4 \DeclareMathOperator*{\Ave
                              }{\mathbb{E}}
? 
! Undefined control sequence.
l.4 \DeclareMathOperator*{\Ave}{\mathbb
                                       {E}}
? 
Missing character: There is no E in font nullfont!
! Undefined control sequence.
l.5 \DeclareMathOperator
                        *{\Var}{Var}
? 
Missing character: There is no * in font nullfont!
! Undefined control sequence.
l.5 \DeclareMathOperator*{\Var
                              }{Var}
? 
Missing character: There is no V in font nullfont!
Missing character: There is no a in font nullfont!
Missing character: There is no r in font nullfont!
)
*

Overfull \hbox (20.0pt too wide) in paragraph at lines 4--0
[]
 []

(Please type a command or say `\end')
*
(Please type a command or say `\end')
*
(Please type a command or say `\end')
*
(Please type a command or say `\end')
*
(Please type a command or say `\end')
*
(Please type a command or say `\end')
*
(Please type a command or say `\end')
*
! Emergency stop.
<*> 
    
End of file on the terminal!

 
Here is how much of TeX's memory you used:
 9 strings out of 493876
 159 string characters out of 1150567
 48901 words of memory out of 3000000
 3383 multiletter control sequences out of 10000+50000
 3640 words of font info for 14 fonts, out of 3000000 for 5000
 714 hyphenation exceptions out of 8191
 7i,0n,6p,73b,14s stack positions out of 5000i,500n,10000p,200000b,50000s
!  ==> Fatal error occurred, no output PDF file produced!
